-----------------------------------------------------------------------
Test 2/0
-----------------------------------------------------------------------
Shapefile Type: NullShape   # of Shapes: 2

File Bounds: (       0.000,       0.000,0,0)
         to  (      10.000,      20.000,0,0)

Shape:0 (NullShape)  nVertices=0, nParts=0
  Bounds:(       0.000,       0.000, 0, 0)
      to (       0.000,       0.000, 0, 0)

Shape:1 (NullShape)  nVertices=0, nParts=0
  Bounds:(       0.000,       0.000, 0, 0)
      to (       0.000,       0.000, 0, 0)
-----------------------------------------------------------------------
Test 2/1
-----------------------------------------------------------------------
Shapefile Type: Point   # of Shapes: 2

File Bounds: (       1.000,       2.000,0,0)
         to  (      10.000,      20.000,0,0)

Shape:0 (Point)  nVertices=1, nParts=0
  Bounds:(       1.000,       2.000, 0, 0)
      to (       1.000,       2.000, 0, 0)
     (       1.000,       2.000, 0, 0)  

Shape:1 (Point)  nVertices=1, nParts=0
  Bounds:(      10.000,      20.000, 0, 0)
      to (      10.000,      20.000, 0, 0)
     (      10.000,      20.000, 0, 0)  
-----------------------------------------------------------------------
Test 2/2
-----------------------------------------------------------------------
Shapefile Type: PointZ   # of Shapes: 2

File Bounds: (       1.000,       2.000,3,4)
         to  (      10.000,      20.000,30,40)

Shape:0 (PointZ)  nVertices=1, nParts=0
  Bounds:(       1.000,       2.000, 3, 4)
      to (       1.000,       2.000, 3, 4)
     (       1.000,       2.000, 3, 4)  

Shape:1 (PointZ)  nVertices=1, nParts=0
  Bounds:(      10.000,      20.000, 30, 40)
      to (      10.000,      20.000, 30, 40)
     (      10.000,      20.000, 30, 40)  
-----------------------------------------------------------------------
Test 2/3
-----------------------------------------------------------------------
Shapefile Type: PointM   # of Shapes: 2

File Bounds: (       1.000,       2.000,0,4)
         to  (      10.000,      20.000,0,40)

Shape:0 (PointM)  nVertices=1, nParts=0
  Bounds:(       1.000,       2.000, 0, 4)
      to (       1.000,       2.000, 0, 4)
     (       1.000,       2.000, 0, 4)  

Shape:1 (PointM)  nVertices=1, nParts=0
  Bounds:(      10.000,      20.000, 0, 40)
      to (      10.000,      20.000, 0, 40)
     (      10.000,      20.000, 0, 40)  
-----------------------------------------------------------------------
Test 2/4
-----------------------------------------------------------------------
Shapefile Type: MultiPoint   # of Shapes: 3

File Bounds: (       1.150,       2.250,0,0)
         to  (      24.150,      25.250,0,0)

Shape:0 (MultiPoint)  nVertices=4, nParts=0
  Bounds:(       1.150,       2.250, 0, 0)
      to (       4.150,       5.250, 0, 0)
     (       1.150,       2.250, 0, 0)  
     (       2.150,       3.250, 0, 0)  
     (       3.150,       4.250, 0, 0)  
     (       4.150,       5.250, 0, 0)  

Shape:1 (MultiPoint)  nVertices=4, nParts=0
  Bounds:(      11.150,      12.250, 0, 0)
      to (      14.150,      15.250, 0, 0)
     (      11.150,      12.250, 0, 0)  
     (      12.150,      13.250, 0, 0)  
     (      13.150,      14.250, 0, 0)  
     (      14.150,      15.250, 0, 0)  

Shape:2 (MultiPoint)  nVertices=4, nParts=0
  Bounds:(      21.150,      22.250, 0, 0)
      to (      24.150,      25.250, 0, 0)
     (      21.150,      22.250, 0, 0)  
     (      22.150,      23.250, 0, 0)  
     (      23.150,      24.250, 0, 0)  
     (      24.150,      25.250, 0, 0)  
-----------------------------------------------------------------------
Test 2/5
-----------------------------------------------------------------------
Shapefile Type: MultiPointZ   # of Shapes: 3

File Bounds: (       1.150,       2.250,3.35,4.45)
         to  (      24.150,      25.250,26.35,27.45)

Shape:0 (MultiPointZ)  nVertices=4, nParts=0
  Bounds:(       1.150,       2.250, 3.35, 4.45)
      to (       4.150,       5.250, 6.35, 7.45)
     (       1.150,       2.250, 3.35, 4.45)  
     (       2.150,       3.250, 4.35, 5.45)  
     (       3.150,       4.250, 5.35, 6.45)  
     (       4.150,       5.250, 6.35, 7.45)  

Shape:1 (MultiPointZ)  nVertices=4, nParts=0
  Bounds:(      11.150,      12.250, 13.35, 14.45)
      to (      14.150,      15.250, 16.35, 17.45)
     (      11.150,      12.250, 13.35, 14.45)  
     (      12.150,      13.250, 14.35, 15.45)  
     (      13.150,      14.250, 15.35, 16.45)  
     (      14.150,      15.250, 16.35, 17.45)  

Shape:2 (MultiPointZ)  nVertices=4, nParts=0
  Bounds:(      21.150,      22.250, 23.35, 24.45)
      to (      24.150,      25.250, 26.35, 27.45)
     (      21.150,      22.250, 23.35, 24.45)  
     (      22.150,      23.250, 24.35, 25.45)  
     (      23.150,      24.250, 25.35, 26.45)  
     (      24.150,      25.250, 26.35, 27.45)  
-----------------------------------------------------------------------
Test 2/6
-----------------------------------------------------------------------
Shapefile Type: MultiPointM   # of Shapes: 3

File Bounds: (       1.150,       2.250,0,4.45)
         to  (      24.150,      25.250,0,27.45)

Shape:0 (MultiPointM)  nVertices=4, nParts=0
  Bounds:(       1.150,       2.250, 0, 4.45)
      to (       4.150,       5.250, 0, 7.45)
     (       1.150,       2.250, 0, 4.45)  
     (       2.150,       3.250, 0, 5.45)  
     (       3.150,       4.250, 0, 6.45)  
     (       4.150,       5.250, 0, 7.45)  

Shape:1 (MultiPointM)  nVertices=4, nParts=0
  Bounds:(      11.150,      12.250, 0, 14.45)
      to (      14.150,      15.250, 0, 17.45)
     (      11.150,      12.250, 0, 14.45)  
     (      12.150,      13.250, 0, 15.45)  
     (      13.150,      14.250, 0, 16.45)  
     (      14.150,      15.250, 0, 17.45)  

Shape:2 (MultiPointM)  nVertices=4, nParts=0
  Bounds:(      21.150,      22.250, 0, 24.45)
      to (      24.150,      25.250, 0, 27.45)
     (      21.150,      22.250, 0, 24.45)  
     (      22.150,      23.250, 0, 25.45)  
     (      23.150,      24.250, 0, 26.45)  
     (      24.150,      25.250, 0, 27.45)  
-----------------------------------------------------------------------
Test 2/7
-----------------------------------------------------------------------
Shapefile Type: Arc   # of Shapes: 4

File Bounds: (       0.000,       0.000,0,0)
         to  (     100.000,     100.000,0,0)

Shape:0 (Arc)  nVertices=5, nParts=1
  Bounds:(       1.000,       1.000, 0, 0)
      to (       2.000,       2.000, 0, 0)
     (       1.000,       1.000, 0, 0) Ring 
     (       2.000,       1.000, 0, 0)  
     (       2.000,       2.000, 0, 0)  
     (       1.000,       2.000, 0, 0)  
     (       1.000,       1.000, 0, 0)  

Shape:1 (Arc)  nVertices=5, nParts=1
  Bounds:(       1.000,       4.000, 0, 0)
      to (       2.000,       5.000, 0, 0)
     (       1.000,       4.000, 0, 0) Ring 
     (       2.000,       4.000, 0, 0)  
     (       2.000,       5.000, 0, 0)  
     (       1.000,       5.000, 0, 0)  
     (       1.000,       4.000, 0, 0)  

Shape:2 (Arc)  nVertices=5, nParts=1
  Bounds:(       1.000,       7.000, 0, 0)
      to (       2.000,       8.000, 0, 0)
     (       1.000,       7.000, 0, 0) Ring 
     (       2.000,       7.000, 0, 0)  
     (       2.000,       8.000, 0, 0)  
     (       1.000,       8.000, 0, 0)  
     (       1.000,       7.000, 0, 0)  

Shape:3 (Arc)  nVertices=15, nParts=3
  Bounds:(       0.000,       0.000, 0, 0)
      to (     100.000,     100.000, 0, 0)
     (       0.000,       0.000, 0, 0) Ring 
     (       0.000,     100.000, 0, 0)  
     (     100.000,     100.000, 0, 0)  
     (     100.000,       0.000, 0, 0)  
     (       0.000,       0.000, 0, 0)  
   + (      10.000,      20.000, 0, 0) Ring 
     (      30.000,      20.000, 0, 0)  
     (      30.000,      40.000, 0, 0)  
     (      10.000,      40.000, 0, 0)  
     (      10.000,      20.000, 0, 0)  
   + (      60.000,      20.000, 0, 0) Ring 
     (      90.000,      20.000, 0, 0)  
     (      90.000,      40.000, 0, 0)  
     (      60.000,      40.000, 0, 0)  
     (      60.000,      20.000, 0, 0)  
-----------------------------------------------------------------------
Test 2/8
-----------------------------------------------------------------------
Shapefile Type: ArcZ   # of Shapes: 4

File Bounds: (       0.000,       0.000,0,0)
         to  (     100.000,     100.000,27.35,28.45)

Shape:0 (ArcZ)  nVertices=5, nParts=1
  Bounds:(       1.000,       1.000, 3.35, 4.45)
      to (       2.000,       2.000, 7.35, 8.45)
     (       1.000,       1.000, 3.35, 4.45) Ring 
     (       2.000,       1.000, 4.35, 5.45)  
     (       2.000,       2.000, 5.35, 6.45)  
     (       1.000,       2.000, 6.35, 7.45)  
     (       1.000,       1.000, 7.35, 8.45)  

Shape:1 (ArcZ)  nVertices=5, nParts=1
  Bounds:(       1.000,       4.000, 13.35, 14.45)
      to (       2.000,       5.000, 17.35, 18.45)
     (       1.000,       4.000, 13.35, 14.45) Ring 
     (       2.000,       4.000, 14.35, 15.45)  
     (       2.000,       5.000, 15.35, 16.45)  
     (       1.000,       5.000, 16.35, 17.45)  
     (       1.000,       4.000, 17.35, 18.45)  

Shape:2 (ArcZ)  nVertices=5, nParts=1
  Bounds:(       1.000,       7.000, 23.35, 24.45)
      to (       2.000,       8.000, 27.35, 28.45)
     (       1.000,       7.000, 23.35, 24.45) Ring 
     (       2.000,       7.000, 24.35, 25.45)  
     (       2.000,       8.000, 25.35, 26.45)  
     (       1.000,       8.000, 26.35, 27.45)  
     (       1.000,       7.000, 27.35, 28.45)  

Shape:3 (ArcZ)  nVertices=15, nParts=3
  Bounds:(       0.000,       0.000, 0, 0)
      to (     100.000,     100.000, 14, 28)
     (       0.000,       0.000, 0, 0) Ring 
     (       0.000,     100.000, 1, 2)  
     (     100.000,     100.000, 2, 4)  
     (     100.000,       0.000, 3, 6)  
     (       0.000,       0.000, 4, 8)  
   + (      10.000,      20.000, 5, 10) Ring 
     (      30.000,      20.000, 6, 12)  
     (      30.000,      40.000, 7, 14)  
     (      10.000,      40.000, 8, 16)  
     (      10.000,      20.000, 9, 18)  
   + (      60.000,      20.000, 10, 20) Ring 
     (      90.000,      20.000, 11, 22)  
     (      90.000,      40.000, 12, 24)  
     (      60.000,      40.000, 13, 26)  
     (      60.000,      20.000, 14, 28)  
-----------------------------------------------------------------------
Test 2/9
-----------------------------------------------------------------------
Shapefile Type: ArcM   # of Shapes: 4

File Bounds: (       0.000,       0.000,0,0)
         to  (     100.000,     100.000,0,28.45)

Shape:0 (ArcM)  nVertices=5, nParts=1
  Bounds:(       1.000,       1.000, 0, 4.45)
      to (       2.000,       2.000, 0, 8.45)
     (       1.000,       1.000, 0, 4.45) Ring 
     (       2.000,       1.000, 0, 5.45)  
     (       2.000,       2.000, 0, 6.45)  
     (       1.000,       2.000, 0, 7.45)  
     (       1.000,       1.000, 0, 8.45)  

Shape:1 (ArcM)  nVertices=5, nParts=1
  Bounds:(       1.000,       4.000, 0, 14.45)
      to (       2.000,       5.000, 0, 18.45)
     (       1.000,       4.000, 0, 14.45) Ring 
     (       2.000,       4.000, 0, 15.45)  
     (       2.000,       5.000, 0, 16.45)  
     (       1.000,       5.000, 0, 17.45)  
     (       1.000,       4.000, 0, 18.45)  

Shape:2 (ArcM)  nVertices=5, nParts=1
  Bounds:(       1.000,       7.000, 0, 24.45)
      to (       2.000,       8.000, 0, 28.45)
     (       1.000,       7.000, 0, 24.45) Ring 
     (       2.000,       7.000, 0, 25.45)  
     (       2.000,       8.000, 0, 26.45)  
     (       1.000,       8.000, 0, 27.45)  
     (       1.000,       7.000, 0, 28.45)  

Shape:3 (ArcM)  nVertices=15, nParts=3
  Bounds:(       0.000,       0.000, 0, 0)
      to (     100.000,     100.000, 0, 28)
     (       0.000,       0.000, 0, 0) Ring 
     (       0.000,     100.000, 0, 2)  
     (     100.000,     100.000, 0, 4)  
     (     100.000,       0.000, 0, 6)  
     (       0.000,       0.000, 0, 8)  
   + (      10.000,      20.000, 0, 10) Ring 
     (      30.000,      20.000, 0, 12)  
     (      30.000,      40.000, 0, 14)  
     (      10.000,      40.000, 0, 16)  
     (      10.000,      20.000, 0, 18)  
   + (      60.000,      20.000, 0, 20) Ring 
     (      90.000,      20.000, 0, 22)  
     (      90.000,      40.000, 0, 24)  
     (      60.000,      40.000, 0, 26)  
     (      60.000,      20.000, 0, 28)  
-----------------------------------------------------------------------
Test 2/10
-----------------------------------------------------------------------
Shapefile Type: Polygon   # of Shapes: 4

File Bounds: (       0.000,       0.000,0,0)
         to  (     100.000,     100.000,0,0)

Shape:0 (Polygon)  nVertices=5, nParts=1
  Bounds:(       1.000,       1.000, 0, 0)
      to (       2.000,       2.000, 0, 0)
     (       1.000,       1.000, 0, 0) Ring 
     (       2.000,       1.000, 0, 0)  
     (       2.000,       2.000, 0, 0)  
     (       1.000,       2.000, 0, 0)  
     (       1.000,       1.000, 0, 0)  

Shape:1 (Polygon)  nVertices=5, nParts=1
  Bounds:(       1.000,       4.000, 0, 0)
      to (       2.000,       5.000, 0, 0)
     (       1.000,       4.000, 0, 0) Ring 
     (       2.000,       4.000, 0, 0)  
     (       2.000,       5.000, 0, 0)  
     (       1.000,       5.000, 0, 0)  
     (       1.000,       4.000, 0, 0)  

Shape:2 (Polygon)  nVertices=5, nParts=1
  Bounds:(       1.000,       7.000, 0, 0)
      to (       2.000,       8.000, 0, 0)
     (       1.000,       7.000, 0, 0) Ring 
     (       2.000,       7.000, 0, 0)  
     (       2.000,       8.000, 0, 0)  
     (       1.000,       8.000, 0, 0)  
     (       1.000,       7.000, 0, 0)  

Shape:3 (Polygon)  nVertices=15, nParts=3
  Bounds:(       0.000,       0.000, 0, 0)
      to (     100.000,     100.000, 0, 0)
     (       0.000,       0.000, 0, 0) Ring 
     (       0.000,     100.000, 0, 0)  
     (     100.000,     100.000, 0, 0)  
     (     100.000,       0.000, 0, 0)  
     (       0.000,       0.000, 0, 0)  
   + (      10.000,      20.000, 0, 0) Ring 
     (      30.000,      20.000, 0, 0)  
     (      30.000,      40.000, 0, 0)  
     (      10.000,      40.000, 0, 0)  
     (      10.000,      20.000, 0, 0)  
   + (      60.000,      20.000, 0, 0) Ring 
     (      90.000,      20.000, 0, 0)  
     (      90.000,      40.000, 0, 0)  
     (      60.000,      40.000, 0, 0)  
     (      60.000,      20.000, 0, 0)  
-----------------------------------------------------------------------
Test 2/11
-----------------------------------------------------------------------
Shapefile Type: PolygonZ   # of Shapes: 4

File Bounds: (       0.000,       0.000,0,0)
         to  (     100.000,     100.000,27.35,28.45)

Shape:0 (PolygonZ)  nVertices=5, nParts=1
  Bounds:(       1.000,       1.000, 3.35, 4.45)
      to (       2.000,       2.000, 7.35, 8.45)
     (       1.000,       1.000, 3.35, 4.45) Ring 
     (       2.000,       1.000, 4.35, 5.45)  
     (       2.000,       2.000, 5.35, 6.45)  
     (       1.000,       2.000, 6.35, 7.45)  
     (       1.000,       1.000, 7.35, 8.45)  

Shape:1 (PolygonZ)  nVertices=5, nParts=1
  Bounds:(       1.000,       4.000, 13.35, 14.45)
      to (       2.000,       5.000, 17.35, 18.45)
     (       1.000,       4.000, 13.35, 14.45) Ring 
     (       2.000,       4.000, 14.35, 15.45)  
     (       2.000,       5.000, 15.35, 16.45)  
     (       1.000,       5.000, 16.35, 17.45)  
     (       1.000,       4.000, 17.35, 18.45)  

Shape:2 (PolygonZ)  nVertices=5, nParts=1
  Bounds:(       1.000,       7.000, 23.35, 24.45)
      to (       2.000,       8.000, 27.35, 28.45)
     (       1.000,       7.000, 23.35, 24.45) Ring 
     (       2.000,       7.000, 24.35, 25.45)  
     (       2.000,       8.000, 25.35, 26.45)  
     (       1.000,       8.000, 26.35, 27.45)  
     (       1.000,       7.000, 27.35, 28.45)  

Shape:3 (PolygonZ)  nVertices=15, nParts=3
  Bounds:(       0.000,       0.000, 0, 0)
      to (     100.000,     100.000, 14, 28)
     (       0.000,       0.000, 0, 0) Ring 
     (       0.000,     100.000, 1, 2)  
     (     100.000,     100.000, 2, 4)  
     (     100.000,       0.000, 3, 6)  
     (       0.000,       0.000, 4, 8)  
   + (      10.000,      20.000, 5, 10) Ring 
     (      30.000,      20.000, 6, 12)  
     (      30.000,      40.000, 7, 14)  
     (      10.000,      40.000, 8, 16)  
     (      10.000,      20.000, 9, 18)  
   + (      60.000,      20.000, 10, 20) Ring 
     (      90.000,      20.000, 11, 22)  
     (      90.000,      40.000, 12, 24)  
     (      60.000,      40.000, 13, 26)  
     (      60.000,      20.000, 14, 28)  
-----------------------------------------------------------------------
Test 2/12
-----------------------------------------------------------------------
Shapefile Type: PolygonM   # of Shapes: 4

File Bounds: (       0.000,       0.000,0,0)
         to  (     100.000,     100.000,0,28.45)

Shape:0 (PolygonM)  nVertices=5, nParts=1
  Bounds:(       1.000,       1.000, 0, 4.45)
      to (       2.000,       2.000, 0, 8.45)
     (       1.000,       1.000, 0, 4.45) Ring 
     (       2.000,       1.000, 0, 5.45)  
     (       2.000,       2.000, 0, 6.45)  
     (       1.000,       2.000, 0, 7.45)  
     (       1.000,       1.000, 0, 8.45)  

Shape:1 (PolygonM)  nVertices=5, nParts=1
  Bounds:(       1.000,       4.000, 0, 14.45)
      to (       2.000,       5.000, 0, 18.45)
     (       1.000,       4.000, 0, 14.45) Ring 
     (       2.000,       4.000, 0, 15.45)  
     (       2.000,       5.000, 0, 16.45)  
     (       1.000,       5.000, 0, 17.45)  
     (       1.000,       4.000, 0, 18.45)  

Shape:2 (PolygonM)  nVertices=5, nParts=1
  Bounds:(       1.000,       7.000, 0, 24.45)
      to (       2.000,       8.000, 0, 28.45)
     (       1.000,       7.000, 0, 24.45) Ring 
     (       2.000,       7.000, 0, 25.45)  
     (       2.000,       8.000, 0, 26.45)  
     (       1.000,       8.000, 0, 27.45)  
     (       1.000,       7.000, 0, 28.45)  

Shape:3 (PolygonM)  nVertices=15, nParts=3
  Bounds:(       0.000,       0.000, 0, 0)
      to (     100.000,     100.000, 0, 28)
     (       0.000,       0.000, 0, 0) Ring 
     (       0.000,     100.000, 0, 2)  
     (     100.000,     100.000, 0, 4)  
     (     100.000,       0.000, 0, 6)  
     (       0.000,       0.000, 0, 8)  
   + (      10.000,      20.000, 0, 10) Ring 
     (      30.000,      20.000, 0, 12)  
     (      30.000,      40.000, 0, 14)  
     (      10.000,      40.000, 0, 16)  
     (      10.000,      20.000, 0, 18)  
   + (      60.000,      20.000, 0, 20) Ring 
     (      90.000,      20.000, 0, 22)  
     (      90.000,      40.000, 0, 24)  
     (      60.000,      40.000, 0, 26)  
     (      60.000,      20.000, 0, 28)  
-----------------------------------------------------------------------
Test 2/13
-----------------------------------------------------------------------
Shapefile Type: MultiPatch   # of Shapes: 4

File Bounds: (       0.000,       0.000,0,0)
         to  (     100.000,     100.000,27.35,28.45)

Shape:0 (MultiPatch)  nVertices=5, nParts=1
  Bounds:(       1.000,       1.000, 3.35, 0)
      to (       2.000,       2.000, 7.35, 0)
     (       1.000,       1.000, 3.35, 0) Ring 
     (       2.000,       1.000, 4.35, 0)  
     (       2.000,       2.000, 5.35, 0)  
     (       1.000,       2.000, 6.35, 0)  
     (       1.000,       1.000, 7.35, 0)  

Shape:1 (MultiPatch)  nVertices=5, nParts=1
  Bounds:(       1.000,       4.000, 13.35, 0)
      to (       2.000,       5.000, 17.35, 0)
     (       1.000,       4.000, 13.35, 0) Ring 
     (       2.000,       4.000, 14.35, 0)  
     (       2.000,       5.000, 15.35, 0)  
     (       1.000,       5.000, 16.35, 0)  
     (       1.000,       4.000, 17.35, 0)  

Shape:2 (MultiPatch)  nVertices=5, nParts=1
  Bounds:(       1.000,       7.000, 23.35, 0)
      to (       2.000,       8.000, 27.35, 0)
     (       1.000,       7.000, 23.35, 0) Ring 
     (       2.000,       7.000, 24.35, 0)  
     (       2.000,       8.000, 25.35, 0)  
     (       1.000,       8.000, 26.35, 0)  
     (       1.000,       7.000, 27.35, 0)  

Shape:3 (MultiPatch)  nVertices=15, nParts=3
  Bounds:(       0.000,       0.000, 0, 0)
      to (     100.000,     100.000, 14, 0)
     (       0.000,       0.000, 0, 0) Ring 
     (       0.000,     100.000, 1, 0)  
     (     100.000,     100.000, 2, 0)  
     (     100.000,       0.000, 3, 0)  
     (       0.000,       0.000, 4, 0)  
   + (      10.000,      20.000, 5, 0) InnerRing 
     (      30.000,      20.000, 6, 0)  
     (      30.000,      40.000, 7, 0)  
     (      10.000,      40.000, 8, 0)  
     (      10.000,      20.000, 9, 0)  
   + (      60.000,      20.000, 10, 0) InnerRing 
     (      90.000,      20.000, 11, 0)  
     (      90.000,      40.000, 12, 0)  
     (      60.000,      40.000, 13, 0)  
     (      60.000,      20.000, 14, 0)  
