This file contains any messages produced by compilers while
running configure, to aid debugging if configure makes a mistake.

It was created by open2300db2APRS configure 0.1.0, which was
generated by GNU Autoconf 2.59.  Invocation command line was

  $ ./configure 

## --------- ##
## Platform. ##
## --------- ##

hostname = titan.n0vh.org
uname -m = i686
uname -r = 2.6.10-1.771_FC2
uname -s = Linux
uname -v = #1 Mon Mar 28 00:50:14 EST 2005

/usr/bin/uname -p = unknown
/bin/uname -X     = unknown

/bin/arch              = i686
/usr/bin/arch -k       = unknown
/usr/convex/getsysinfo = unknown
hostinfo               = unknown
/bin/machine           = unknown
/usr/bin/oslevel       = unknown
/bin/universe          = unknown

PATH: /usr/kerberos/bin
PATH: /usr/local/bin
PATH: /bin
PATH: /usr/bin
PATH: /usr/X11R6/bin
PATH: /home/jim/bin


## ----------- ##
## Core tests. ##
## ----------- ##

configure:1352: checking for a BSD-compatible install
configure:1407: result: /usr/bin/install -c
configure:1418: checking whether build environment is sane
configure:1461: result: yes
configure:1526: checking for gawk
configure:1542: found /bin/gawk
configure:1552: result: gawk
configure:1562: checking whether make sets $(MAKE)
configure:1582: result: yes
configure:1768: checking for a BSD-compatible install
configure:1823: result: /usr/bin/install -c
configure:1880: checking for gcc
configure:1896: found /usr/bin/gcc
configure:1906: result: gcc
configure:2150: checking for C compiler version
configure:2153: gcc --version </dev/null >&5
gcc (GCC) 3.3.3 20040412 (Red Hat Linux 3.3.3-7)
Copyright (C) 2003 Free Software Foundation, Inc.
This is free software; see the source for copying conditions.  There is NO
warranty; not even for MERCHANTABILITY or FITNESS FOR A PARTICULAR PURPOSE.

configure:2156: $? = 0
configure:2158: gcc -v </dev/null >&5
Reading specs from /usr/lib/gcc-lib/i386-redhat-linux/3.3.3/specs
Configured with: ../configure --prefix=/usr --mandir=/usr/share/man --infodir=/usr/share/info --enable-shared --enable-threads=posix --disable-checking --disable-libunwind-exceptions --with-system-zlib --enable-__cxa_atexit --host=i386-redhat-linux
Thread model: posix
gcc version 3.3.3 20040412 (Red Hat Linux 3.3.3-7)
configure:2161: $? = 0
configure:2163: gcc -V </dev/null >&5
gcc: `-V' option must have argument
configure:2166: $? = 1
configure:2189: checking for C compiler default output file name
configure:2192: gcc    conftest.c  >&5
configure:2195: $? = 0
configure:2241: result: a.out
configure:2246: checking whether the C compiler works
configure:2252: ./a.out
configure:2255: $? = 0
configure:2272: result: yes
configure:2279: checking whether we are cross compiling
configure:2281: result: no
configure:2284: checking for suffix of executables
configure:2286: gcc -o conftest    conftest.c  >&5
configure:2289: $? = 0
configure:2314: result: 
configure:2320: checking for suffix of object files
configure:2341: gcc -c   conftest.c >&5
configure:2344: $? = 0
configure:2366: result: o
configure:2370: checking whether we are using the GNU C compiler
configure:2394: gcc -c   conftest.c >&5
configure:2400: $? = 0
configure:2404: test -z 
			 || test ! -s conftest.err
configure:2407: $? = 0
configure:2410: test -s conftest.o
configure:2413: $? = 0
configure:2426: result: yes
configure:2432: checking whether gcc accepts -g
configure:2453: gcc -c -g  conftest.c >&5
configure:2459: $? = 0
configure:2463: test -z 
			 || test ! -s conftest.err
configure:2466: $? = 0
configure:2469: test -s conftest.o
configure:2472: $? = 0
configure:2483: result: yes
configure:2500: checking for gcc option to accept ANSI C
configure:2570: gcc  -c -g -O2  conftest.c >&5
configure:2576: $? = 0
configure:2580: test -z 
			 || test ! -s conftest.err
configure:2583: $? = 0
configure:2586: test -s conftest.o
configure:2589: $? = 0
configure:2607: result: none needed
configure:2625: gcc -c -g -O2  conftest.c >&5
conftest.c:2: error: syntax error before "me"
configure:2631: $? = 1
configure: failed program was:
| #ifndef __cplusplus
|   choke me
| #endif
configure:2775: checking for style of include used by make
configure:2803: result: GNU
configure:2831: checking dependency style of gcc
configure:2921: result: gcc3
configure:2942: checking for a fully installed MySQL
configure:2952: result: ...found 3.23.58
configure:3050: checking how to run the C preprocessor
configure:3085: gcc -E  conftest.c
configure:3091: $? = 0
configure:3123: gcc -E  conftest.c
conftest.c:11:28: ac_nonexistent.h: No such file or directory
configure:3129: $? = 1
configure: failed program was:
| /* confdefs.h.  */
| 
| #define PACKAGE_NAME "open2300db2APRS"
| #define PACKAGE_TARNAME "open2300db2aprs"
| #define PACKAGE_VERSION "0.1.0"
| #define PACKAGE_STRING "open2300db2APRS 0.1.0"
| #define PACKAGE_BUGREPORT "jim@n0vh.org"
| #define PACKAGE "open2300db2APRS"
| #define VERSION "0.1.0"
| /* end confdefs.h.  */
| #include <ac_nonexistent.h>
configure:3168: result: gcc -E
configure:3192: gcc -E  conftest.c
configure:3198: $? = 0
configure:3230: gcc -E  conftest.c
conftest.c:11:28: ac_nonexistent.h: No such file or directory
configure:3236: $? = 1
configure: failed program was:
| /* confdefs.h.  */
| 
| #define PACKAGE_NAME "open2300db2APRS"
| #define PACKAGE_TARNAME "open2300db2aprs"
| #define PACKAGE_VERSION "0.1.0"
| #define PACKAGE_STRING "open2300db2APRS 0.1.0"
| #define PACKAGE_BUGREPORT "jim@n0vh.org"
| #define PACKAGE "open2300db2APRS"
| #define VERSION "0.1.0"
| /* end confdefs.h.  */
| #include <ac_nonexistent.h>
configure:3280: checking for egrep
configure:3290: result: grep -E
configure:3295: checking for ANSI C header files
configure:3320: gcc -c -g -O2  conftest.c >&5
configure:3326: $? = 0
configure:3330: test -z 
			 || test ! -s conftest.err
configure:3333: $? = 0
configure:3336: test -s conftest.o
configure:3339: $? = 0
configure:3425: gcc -o conftest -g -O2   conftest.c -L/usr/lib/mysql -lmysqlclient -lz -lcrypt -lnsl -lm >&5
configure:3428: $? = 0
configure:3430: ./conftest
configure:3433: $? = 0
configure:3448: result: yes
configure:3472: checking for sys/types.h
configure:3488: gcc -c -g -O2  conftest.c >&5
configure:3494: $? = 0
configure:3498: test -z 
			 || test ! -s conftest.err
configure:3501: $? = 0
configure:3504: test -s conftest.o
configure:3507: $? = 0
configure:3518: result: yes
configure:3472: checking for sys/stat.h
configure:3488: gcc -c -g -O2  conftest.c >&5
configure:3494: $? = 0
configure:3498: test -z 
			 || test ! -s conftest.err
configure:3501: $? = 0
configure:3504: test -s conftest.o
configure:3507: $? = 0
configure:3518: result: yes
configure:3472: checking for stdlib.h
configure:3488: gcc -c -g -O2  conftest.c >&5
configure:3494: $? = 0
configure:3498: test -z 
			 || test ! -s conftest.err
configure:3501: $? = 0
configure:3504: test -s conftest.o
configure:3507: $? = 0
configure:3518: result: yes
configure:3472: checking for string.h
configure:3488: gcc -c -g -O2  conftest.c >&5
configure:3494: $? = 0
configure:3498: test -z 
			 || test ! -s conftest.err
configure:3501: $? = 0
configure:3504: test -s conftest.o
configure:3507: $? = 0
configure:3518: result: yes
configure:3472: checking for memory.h
configure:3488: gcc -c -g -O2  conftest.c >&5
configure:3494: $? = 0
configure:3498: test -z 
			 || test ! -s conftest.err
configure:3501: $? = 0
configure:3504: test -s conftest.o
configure:3507: $? = 0
configure:3518: result: yes
configure:3472: checking for strings.h
configure:3488: gcc -c -g -O2  conftest.c >&5
configure:3494: $? = 0
configure:3498: test -z 
			 || test ! -s conftest.err
configure:3501: $? = 0
configure:3504: test -s conftest.o
configure:3507: $? = 0
configure:3518: result: yes
configure:3472: checking for inttypes.h
configure:3488: gcc -c -g -O2  conftest.c >&5
configure:3494: $? = 0
configure:3498: test -z 
			 || test ! -s conftest.err
configure:3501: $? = 0
configure:3504: test -s conftest.o
configure:3507: $? = 0
configure:3518: result: yes
configure:3472: checking for stdint.h
configure:3488: gcc -c -g -O2  conftest.c >&5
configure:3494: $? = 0
configure:3498: test -z 
			 || test ! -s conftest.err
configure:3501: $? = 0
configure:3504: test -s conftest.o
configure:3507: $? = 0
configure:3518: result: yes
configure:3472: checking for unistd.h
configure:3488: gcc -c -g -O2  conftest.c >&5
configure:3494: $? = 0
configure:3498: test -z 
			 || test ! -s conftest.err
configure:3501: $? = 0
configure:3504: test -s conftest.o
configure:3507: $? = 0
configure:3518: result: yes
configure:3551: checking arpa/inet.h usability
configure:3563: gcc -c -g -O2  conftest.c >&5
configure:3569: $? = 0
configure:3573: test -z 
			 || test ! -s conftest.err
configure:3576: $? = 0
configure:3579: test -s conftest.o
configure:3582: $? = 0
configure:3592: result: yes
configure:3596: checking arpa/inet.h presence
configure:3606: gcc -E  conftest.c
configure:3612: $? = 0
configure:3632: result: yes
configure:3667: checking for arpa/inet.h
configure:3674: result: yes
configure:3551: checking netdb.h usability
configure:3563: gcc -c -g -O2  conftest.c >&5
configure:3569: $? = 0
configure:3573: test -z 
			 || test ! -s conftest.err
configure:3576: $? = 0
configure:3579: test -s conftest.o
configure:3582: $? = 0
configure:3592: result: yes
configure:3596: checking netdb.h presence
configure:3606: gcc -E  conftest.c
configure:3612: $? = 0
configure:3632: result: yes
configure:3667: checking for netdb.h
configure:3674: result: yes
configure:3551: checking netinet/in.h usability
configure:3563: gcc -c -g -O2  conftest.c >&5
configure:3569: $? = 0
configure:3573: test -z 
			 || test ! -s conftest.err
configure:3576: $? = 0
configure:3579: test -s conftest.o
configure:3582: $? = 0
configure:3592: result: yes
configure:3596: checking netinet/in.h presence
configure:3606: gcc -E  conftest.c
configure:3612: $? = 0
configure:3632: result: yes
configure:3667: checking for netinet/in.h
configure:3674: result: yes
configure:3542: checking for stdlib.h
configure:3547: result: yes
configure:3542: checking for string.h
configure:3547: result: yes
configure:3551: checking sys/socket.h usability
configure:3563: gcc -c -g -O2  conftest.c >&5
configure:3569: $? = 0
configure:3573: test -z 
			 || test ! -s conftest.err
configure:3576: $? = 0
configure:3579: test -s conftest.o
configure:3582: $? = 0
configure:3592: result: yes
configure:3596: checking sys/socket.h presence
configure:3606: gcc -E  conftest.c
configure:3612: $? = 0
configure:3632: result: yes
configure:3667: checking for sys/socket.h
configure:3674: result: yes
configure:3551: checking syslog.h usability
configure:3563: gcc -c -g -O2  conftest.c >&5
configure:3569: $? = 0
configure:3573: test -z 
			 || test ! -s conftest.err
configure:3576: $? = 0
configure:3579: test -s conftest.o
configure:3582: $? = 0
configure:3592: result: yes
configure:3596: checking syslog.h presence
configure:3606: gcc -E  conftest.c
configure:3612: $? = 0
configure:3632: result: yes
configure:3667: checking for syslog.h
configure:3674: result: yes
configure:3542: checking for unistd.h
configure:3547: result: yes
configure:3689: result: mysql.h path defined in CFLAGS
configure:3848: checking for an ANSI C-conforming const
configure:3915: gcc -c -g -O2  conftest.c >&5
configure:3921: $? = 0
configure:3925: test -z 
			 || test ! -s conftest.err
configure:3928: $? = 0
configure:3931: test -s conftest.o
configure:3934: $? = 0
configure:3945: result: yes
configure:3955: checking whether time.h and sys/time.h may both be included
configure:3980: gcc -c -g -O2  conftest.c >&5
configure:3986: $? = 0
configure:3990: test -z 
			 || test ! -s conftest.err
configure:3993: $? = 0
configure:3996: test -s conftest.o
configure:3999: $? = 0
configure:4010: result: yes
configure:4022: checking for pid_t
configure:4046: gcc -c -g -O2  conftest.c >&5
configure:4052: $? = 0
configure:4056: test -z 
			 || test ! -s conftest.err
configure:4059: $? = 0
configure:4062: test -s conftest.o
configure:4065: $? = 0
configure:4076: result: yes
configure:4094: checking for unistd.h
configure:4099: result: yes
configure:4103: checking vfork.h usability
configure:4115: gcc -c -g -O2  conftest.c >&5
conftest.c:65:19: vfork.h: No such file or directory
configure:4121: $? = 1
configure: failed program was:
| /* confdefs.h.  */
| 
| #define PACKAGE_NAME "open2300db2APRS"
| #define PACKAGE_TARNAME "open2300db2aprs"
| #define PACKAGE_VERSION "0.1.0"
| #define PACKAGE_STRING "open2300db2APRS 0.1.0"
| #define PACKAGE_BUGREPORT "jim@n0vh.org"
| #define PACKAGE "open2300db2APRS"
| #define VERSION "0.1.0"
| #define STDC_HEADERS 1
| #define HAVE_SYS_TYPES_H 1
| #define HAVE_SYS_STAT_H 1
| #define HAVE_STDLIB_H 1
| #define HAVE_STRING_H 1
| #define HAVE_MEMORY_H 1
| #define HAVE_STRINGS_H 1
| #define HAVE_INTTYPES_H 1
| #define HAVE_STDINT_H 1
| #define HAVE_UNISTD_H 1
| #define HAVE_ARPA_INET_H 1
| #define HAVE_NETDB_H 1
| #define HAVE_NETINET_IN_H 1
| #define HAVE_STDLIB_H 1
| #define HAVE_STRING_H 1
| #define HAVE_SYS_SOCKET_H 1
| #define HAVE_SYSLOG_H 1
| #define HAVE_UNISTD_H 1
| #define TIME_WITH_SYS_TIME 1
| #define HAVE_UNISTD_H 1
| /* end confdefs.h.  */
| #include <stdio.h>
| #if HAVE_SYS_TYPES_H
| # include <sys/types.h>
| #endif
| #if HAVE_SYS_STAT_H
| # include <sys/stat.h>
| #endif
| #if STDC_HEADERS
| # include <stdlib.h>
| # include <stddef.h>
| #else
| # if HAVE_STDLIB_H
| #  include <stdlib.h>
| # endif
| #endif
| #if HAVE_STRING_H
| # if !STDC_HEADERS && HAVE_MEMORY_H
| #  include <memory.h>
| # endif
| # include <string.h>
| #endif
| #if HAVE_STRINGS_H
| # include <strings.h>
| #endif
| #if HAVE_INTTYPES_H
| # include <inttypes.h>
| #else
| # if HAVE_STDINT_H
| #  include <stdint.h>
| # endif
| #endif
| #if HAVE_UNISTD_H
| # include <unistd.h>
| #endif
| #include <vfork.h>
configure:4144: result: no
configure:4148: checking vfork.h presence
configure:4158: gcc -E  conftest.c
conftest.c:31:19: vfork.h: No such file or directory
configure:4164: $? = 1
configure: failed program was:
| /* confdefs.h.  */
| 
| #define PACKAGE_NAME "open2300db2APRS"
| #define PACKAGE_TARNAME "open2300db2aprs"
| #define PACKAGE_VERSION "0.1.0"
| #define PACKAGE_STRING "open2300db2APRS 0.1.0"
| #define PACKAGE_BUGREPORT "jim@n0vh.org"
| #define PACKAGE "open2300db2APRS"
| #define VERSION "0.1.0"
| #define STDC_HEADERS 1
| #define HAVE_SYS_TYPES_H 1
| #define HAVE_SYS_STAT_H 1
| #define HAVE_STDLIB_H 1
| #define HAVE_STRING_H 1
| #define HAVE_MEMORY_H 1
| #define HAVE_STRINGS_H 1
| #define HAVE_INTTYPES_H 1
| #define HAVE_STDINT_H 1
| #define HAVE_UNISTD_H 1
| #define HAVE_ARPA_INET_H 1
| #define HAVE_NETDB_H 1
| #define HAVE_NETINET_IN_H 1
| #define HAVE_STDLIB_H 1
| #define HAVE_STRING_H 1
| #define HAVE_SYS_SOCKET_H 1
| #define HAVE_SYSLOG_H 1
| #define HAVE_UNISTD_H 1
| #define TIME_WITH_SYS_TIME 1
| #define HAVE_UNISTD_H 1
| /* end confdefs.h.  */
| #include <vfork.h>
configure:4184: result: no
configure:4219: checking for vfork.h
configure:4226: result: no
configure:4244: checking for fork
configure:4301: gcc -o conftest -g -O2   conftest.c -L/usr/lib/mysql -lmysqlclient -lz -lcrypt -lnsl -lm >&5
configure:4307: $? = 0
configure:4311: test -z 
			 || test ! -s conftest.err
configure:4314: $? = 0
configure:4317: test -s conftest
configure:4320: $? = 0
configure:4332: result: yes
configure:4244: checking for vfork
configure:4301: gcc -o conftest -g -O2   conftest.c -L/usr/lib/mysql -lmysqlclient -lz -lcrypt -lnsl -lm >&5
configure:4307: $? = 0
configure:4311: test -z 
			 || test ! -s conftest.err
configure:4314: $? = 0
configure:4317: test -s conftest
configure:4320: $? = 0
configure:4332: result: yes
configure:4343: checking for working fork
configure:4366: gcc -o conftest -g -O2   conftest.c -L/usr/lib/mysql -lmysqlclient -lz -lcrypt -lnsl -lm >&5
configure:4369: $? = 0
configure:4371: ./conftest
configure:4374: $? = 0
configure:4388: result: yes
configure:4409: checking for working vfork
configure:4542: result: yes
configure:4588: checking sys/select.h usability
configure:4600: gcc -c -g -O2  conftest.c >&5
configure:4606: $? = 0
configure:4610: test -z 
			 || test ! -s conftest.err
configure:4613: $? = 0
configure:4616: test -s conftest.o
configure:4619: $? = 0
configure:4629: result: yes
configure:4633: checking sys/select.h presence
configure:4643: gcc -E  conftest.c
configure:4649: $? = 0
configure:4669: result: yes
configure:4704: checking for sys/select.h
configure:4711: result: yes
configure:4579: checking for sys/socket.h
configure:4584: result: yes
configure:4724: checking types of arguments for select
configure:4757: gcc -c -g -O2  conftest.c >&5
configure:4763: $? = 0
configure:4767: test -z 
			 || test ! -s conftest.err
configure:4770: $? = 0
configure:4773: test -s conftest.o
configure:4776: $? = 0
configure:4792: result: int,fd_set *,struct timeval *
configure:4815: checking return type of signal handlers
configure:4846: gcc -c -g -O2  conftest.c >&5
configure:4852: $? = 0
configure:4856: test -z 
			 || test ! -s conftest.err
configure:4859: $? = 0
configure:4862: test -s conftest.o
configure:4865: $? = 0
configure:4876: result: void
configure:4884: checking for working strtod
configure:4927: gcc -o conftest -g -O2   conftest.c -L/usr/lib/mysql -lmysqlclient -lz -lcrypt -lnsl -lm >&5
configure:4930: $? = 0
configure:4932: ./conftest
configure:4935: $? = 0
configure:4949: result: yes
configure:5135: checking for memset
configure:5192: gcc -o conftest -g -O2   conftest.c -L/usr/lib/mysql -lmysqlclient -lz -lcrypt -lnsl -lm >&5
conftest.c:65: warning: conflicting types for built-in function `memset'
configure:5198: $? = 0
configure:5202: test -z 
			 || test ! -s conftest.err
configure:5205: $? = 0
configure:5208: test -s conftest
configure:5211: $? = 0
configure:5223: result: yes
configure:5135: checking for select
configure:5192: gcc -o conftest -g -O2   conftest.c -L/usr/lib/mysql -lmysqlclient -lz -lcrypt -lnsl -lm >&5
configure:5198: $? = 0
configure:5202: test -z 
			 || test ! -s conftest.err
configure:5205: $? = 0
configure:5208: test -s conftest
configure:5211: $? = 0
configure:5223: result: yes
configure:5135: checking for socket
configure:5192: gcc -o conftest -g -O2   conftest.c -L/usr/lib/mysql -lmysqlclient -lz -lcrypt -lnsl -lm >&5
configure:5198: $? = 0
configure:5202: test -z 
			 || test ! -s conftest.err
configure:5205: $? = 0
configure:5208: test -s conftest
configure:5211: $? = 0
configure:5223: result: yes
configure:5135: checking for strrchr
configure:5192: gcc -o conftest -g -O2   conftest.c -L/usr/lib/mysql -lmysqlclient -lz -lcrypt -lnsl -lm >&5
conftest.c:68: warning: conflicting types for built-in function `strrchr'
configure:5198: $? = 0
configure:5202: test -z 
			 || test ! -s conftest.err
configure:5205: $? = 0
configure:5208: test -s conftest
configure:5211: $? = 0
configure:5223: result: yes
configure:5135: checking for strtol
configure:5192: gcc -o conftest -g -O2   conftest.c -L/usr/lib/mysql -lmysqlclient -lz -lcrypt -lnsl -lm >&5
configure:5198: $? = 0
configure:5202: test -z 
			 || test ! -s conftest.err
configure:5205: $? = 0
configure:5208: test -s conftest
configure:5211: $? = 0
configure:5223: result: yes
configure:5344: creating ./config.status

## ---------------------- ##
## Running config.status. ##
## ---------------------- ##

This file was extended by open2300db2APRS config.status 0.1.0, which was
generated by GNU Autoconf 2.59.  Invocation command line was

  CONFIG_FILES    = 
  CONFIG_HEADERS  = 
  CONFIG_LINKS    = 
  CONFIG_COMMANDS = 
  $ ./config.status 

on titan.n0vh.org

config.status:693: creating Makefile
config.status:693: creating src/Makefile
config.status:797: creating config.h
config.status:1151: executing depfiles commands

## ---------------- ##
## Cache variables. ##
## ---------------- ##

ac_cv_c_compiler_gnu=yes
ac_cv_c_const=yes
ac_cv_env_CC_set=
ac_cv_env_CC_value=
ac_cv_env_CFLAGS_set=
ac_cv_env_CFLAGS_value=
ac_cv_env_CPPFLAGS_set=
ac_cv_env_CPPFLAGS_value=
ac_cv_env_CPP_set=
ac_cv_env_CPP_value=
ac_cv_env_LDFLAGS_set=
ac_cv_env_LDFLAGS_value=
ac_cv_env_build_alias_set=
ac_cv_env_build_alias_value=
ac_cv_env_host_alias_set=
ac_cv_env_host_alias_value=
ac_cv_env_target_alias_set=
ac_cv_env_target_alias_value=
ac_cv_exeext=
ac_cv_func_fork=yes
ac_cv_func_fork_works=yes
ac_cv_func_memset=yes
ac_cv_func_select=yes
ac_cv_func_select_args='int,fd_set *,struct timeval *'
ac_cv_func_socket=yes
ac_cv_func_strrchr=yes
ac_cv_func_strtod=yes
ac_cv_func_strtol=yes
ac_cv_func_vfork=yes
ac_cv_func_vfork_works=yes
ac_cv_header_arpa_inet_h=yes
ac_cv_header_inttypes_h=yes
ac_cv_header_memory_h=yes
ac_cv_header_netdb_h=yes
ac_cv_header_netinet_in_h=yes
ac_cv_header_stdc=yes
ac_cv_header_stdint_h=yes
ac_cv_header_stdlib_h=yes
ac_cv_header_string_h=yes
ac_cv_header_strings_h=yes
ac_cv_header_sys_select_h=yes
ac_cv_header_sys_socket_h=yes
ac_cv_header_sys_stat_h=yes
ac_cv_header_sys_types_h=yes
ac_cv_header_syslog_h=yes
ac_cv_header_time=yes
ac_cv_header_unistd_h=yes
ac_cv_header_vfork_h=no
ac_cv_objext=o
ac_cv_path_install='/usr/bin/install -c'
ac_cv_prog_AWK=gawk
ac_cv_prog_CPP='gcc -E'
ac_cv_prog_ac_ct_CC=gcc
ac_cv_prog_cc_g=yes
ac_cv_prog_cc_stdc=
ac_cv_prog_egrep='grep -E'
ac_cv_prog_make_make_set=yes
ac_cv_type_pid_t=yes
ac_cv_type_signal=void
am_cv_CC_dependencies_compiler_type=gcc3

## ----------------- ##
## Output variables. ##
## ----------------- ##

ACLOCAL='${SHELL} /home/jim/xastir/missing --run aclocal-1.9'
AMDEPBACKSLASH='\'
AMDEP_FALSE='#'
AMDEP_TRUE=''
AMTAR='${SHELL} /home/jim/xastir/missing --run tar'
AUTOCONF='${SHELL} /home/jim/xastir/missing --run autoconf'
AUTOHEADER='${SHELL} /home/jim/xastir/missing --run autoheader'
AUTOMAKE='${SHELL} /home/jim/xastir/missing --run automake-1.9'
AWK='gawk'
CC='gcc'
CCDEPMODE='depmode=gcc3'
CFLAGS='-g -O2'
CPP='gcc -E'
CPPFLAGS=''
CYGPATH_W='echo'
DEFS='-DHAVE_CONFIG_H'
DEPDIR='.deps'
ECHO_C=''
ECHO_N='-n'
ECHO_T=''
EGREP='grep -E'
EXEEXT=''
INSTALL_DATA='${INSTALL} -m 644'
INSTALL_PROGRAM='${INSTALL}'
INSTALL_SCRIPT='${INSTALL}'
INSTALL_STRIP_PROGRAM='${SHELL} $(install_sh) -c -s'
LDFLAGS=''
LIBOBJS=''
LIBS='-L/usr/lib/mysql -lmysqlclient -lz -lcrypt -lnsl -lm'
LTLIBOBJS=''
MAKEINFO='${SHELL} /home/jim/xastir/missing --run makeinfo'
MYSQL_CFLAGS='-I'/usr/include/mysql''
MYSQL_LIBS='-L/usr/lib/mysql -lmysqlclient -lz -lcrypt -lnsl -lm'
OBJEXT='o'
PACKAGE='open2300db2APRS'
PACKAGE_BUGREPORT='jim@n0vh.org'
PACKAGE_NAME='open2300db2APRS'
PACKAGE_STRING='open2300db2APRS 0.1.0'
PACKAGE_TARNAME='open2300db2aprs'
PACKAGE_VERSION='0.1.0'
PATH_SEPARATOR=':'
POW_LIB=''
SET_MAKE=''
SHELL='/bin/sh'
STRIP=''
VERSION='0.1.0'
ac_ct_CC='gcc'
ac_ct_STRIP=''
am__fastdepCC_FALSE='#'
am__fastdepCC_TRUE=''
am__include='include'
am__leading_dot='.'
am__quote=''
am__tar='${AMTAR} chof - "$$tardir"'
am__untar='${AMTAR} xf -'
bindir='${exec_prefix}/bin'
build_alias=''
datadir='${prefix}/share'
exec_prefix='${prefix}'
host_alias=''
includedir='${prefix}/include'
infodir='${prefix}/info'
install_sh='/home/jim/xastir/install-sh'
libdir='${exec_prefix}/lib'
libexecdir='${exec_prefix}/libexec'
localstatedir='${prefix}/var'
mandir='${prefix}/man'
mkdir_p='mkdir -p --'
oldincludedir='/usr/include'
prefix='/usr/local'
program_transform_name='s,x,x,'
sbindir='${exec_prefix}/sbin'
sharedstatedir='${prefix}/com'
sysconfdir='${prefix}/etc'
target_alias=''

## ----------- ##
## confdefs.h. ##
## ----------- ##

#define HAVE_ARPA_INET_H 1
#define HAVE_FORK 1
#define HAVE_INTTYPES_H 1
#define HAVE_MEMORY_H 1
#define HAVE_MEMSET 1
#define HAVE_NETDB_H 1
#define HAVE_NETINET_IN_H 1
#define HAVE_SELECT 1
#define HAVE_SOCKET 1
#define HAVE_STDINT_H 1
#define HAVE_STDLIB_H 1
#define HAVE_STDLIB_H 1
#define HAVE_STRINGS_H 1
#define HAVE_STRING_H 1
#define HAVE_STRING_H 1
#define HAVE_STRRCHR 1
#define HAVE_STRTOL 1
#define HAVE_SYSLOG_H 1
#define HAVE_SYS_SELECT_H 1
#define HAVE_SYS_SOCKET_H 1
#define HAVE_SYS_SOCKET_H 1
#define HAVE_SYS_STAT_H 1
#define HAVE_SYS_TYPES_H 1
#define HAVE_UNISTD_H 1
#define HAVE_UNISTD_H 1
#define HAVE_UNISTD_H 1
#define HAVE_VFORK 1
#define HAVE_WORKING_FORK 1
#define HAVE_WORKING_VFORK 1
#define PACKAGE "open2300db2APRS"
#define PACKAGE_BUGREPORT "jim@n0vh.org"
#define PACKAGE_NAME "open2300db2APRS"
#define PACKAGE_STRING "open2300db2APRS 0.1.0"
#define PACKAGE_TARNAME "open2300db2aprs"
#define PACKAGE_VERSION "0.1.0"
#define RETSIGTYPE void
#define SELECT_TYPE_ARG1 int
#define SELECT_TYPE_ARG234 (fd_set *)
#define SELECT_TYPE_ARG5 (struct timeval *)
#define STDC_HEADERS 1
#define TIME_WITH_SYS_TIME 1
#define VERSION "0.1.0"

configure: exit 0
