#Corridors (Line with width in miles)
#{1} means a corridor 1 mile on either side of the line
N0CALL>APRS:)Corridor1!5012.00N\13033.00Wl130/200{1}
N0CALL>APRS:)Corridor2!4955.00N\13000.00Wl630/400{1}
N0CALL>APRS:)Corridor3!5012.00N\13000.00Wl130/330{2}
N0CALL>APRS:)Corridor4!4957.00N\13033.00Wl630/130{2}
N0CALL>APRS:)Corridor5!4800.00N\13000.00Wl100/599{20}

#Shape 0, Open Circle
N0CALL>APRS:)C-black  !5000.00N\13000.00Wl004/004
N0CALL>APRS:)C-blue   !5000.00N\13002.00Wl004/104
N0CALL>APRS:)C-green  !5000.00N\13004.00Wl004/204
N0CALL>APRS:)C-cyan   !5000.00N\13006.00Wl004/304
N0CALL>APRS:)C-red    !5000.00N\13008.00Wl004/404
N0CALL>APRS:)C-violet !5000.00N\13010.00Wl004/504
N0CALL>APRS:)C-yellow !5000.00N\13012.00Wl004/604
N0CALL>APRS:)C-gray   !5000.00N\13014.00Wl004/704
N0CALL>APRS:)CD-black !5000.00N\13016.00Wl004/804
N0CALL>APRS:)CD-blue  !5000.00N\13018.00Wl004/904
N0CALL>APRS:)CD-green !5000.00N\13020.00Wl0041004
N0CALL>APRS:)CD-cyan  !5000.00N\13022.00Wl0041104
N0CALL>APRS:)CD-red   !5000.00N\13024.00Wl0041204
N0CALL>APRS:)CD-violet!5000.00N\13026.00Wl0041304
N0CALL>APRS:)CD-yellow!5000.00N\13028.00Wl0041404
N0CALL>APRS:)CD-gray  !5000.00N\13030.00Wl0041504

#Shape 1, Line Right
N0CALL>APRS:)L-black  !5001.00N\13000.00Wl104/004
N0CALL>APRS:)L-blue   !5001.00N\13002.00Wl104/104
N0CALL>APRS:)L-green  !5001.00N\13004.00Wl104/204
N0CALL>APRS:)L-cyan   !5001.00N\13006.00Wl104/304
N0CALL>APRS:)L-red    !5001.00N\13008.00Wl104/404
N0CALL>APRS:)L-violet !5001.00N\13010.00Wl104/504
N0CALL>APRS:)L-yellow !5001.00N\13012.00Wl104/604
N0CALL>APRS:)L-gray   !5001.00N\13014.00Wl104/704
N0CALL>APRS:)LD-black !5001.00N\13016.00Wl104/804
N0CALL>APRS:)LD-blue  !5001.00N\13018.00Wl104/904
N0CALL>APRS:)LD-green !5001.00N\13020.00Wl1041004
N0CALL>APRS:)LD-cyan  !5001.00N\13022.00Wl1041104
N0CALL>APRS:)LD-red   !5001.00N\13024.00Wl1041204
N0CALL>APRS:)LD-violet!5001.00N\13026.00Wl1041304
N0CALL>APRS:)LD-yellow!5001.00N\13028.00Wl1041404
N0CALL>APRS:)LD-gray  !5001.00N\13030.00Wl1041504

#Shape 2, Open Ellipse, not defined by Bob
N0CALL>APRS:)E-black  !5002.00N\13000.00Wl204/004
N0CALL>APRS:)E-blue   !5002.00N\13002.00Wl204/104
N0CALL>APRS:)E-green  !5002.00N\13004.00Wl204/204
N0CALL>APRS:)E-cyan   !5002.00N\13006.00Wl204/304
N0CALL>APRS:)E-red    !5002.00N\13008.00Wl204/404
N0CALL>APRS:)E-violet !5002.00N\13010.00Wl204/504
N0CALL>APRS:)E-yellow !5002.00N\13012.00Wl204/604
N0CALL>APRS:)E-gray   !5002.00N\13014.00Wl204/704
N0CALL>APRS:)ED-black !5002.00N\13016.00Wl204/804
N0CALL>APRS:)ED-blue  !5002.00N\13018.00Wl204/904
N0CALL>APRS:)ED-green !5002.00N\13020.00Wl2041004
N0CALL>APRS:)ED-cyan  !5002.00N\13022.00Wl2041104
N0CALL>APRS:)ED-red   !5002.00N\13024.00Wl2041204
N0CALL>APRS:)ED-violet!5002.00N\13026.00Wl2041304
N0CALL>APRS:)ED-yellow!5002.00N\13028.00Wl2041404
N0CALL>APRS:)ED-gray  !5002.00N\13030.00Wl2041504

#Shape 3, Open Triangle
N0CALL>APRS:)T-black  !5003.00N\13000.00Wl304/004
N0CALL>APRS:)T-blue   !5003.00N\13002.00Wl304/104
N0CALL>APRS:)T-green  !5003.00N\13004.00Wl304/204
N0CALL>APRS:)T-cyan   !5003.00N\13006.00Wl304/304
N0CALL>APRS:)T-red    !5003.00N\13008.00Wl304/404
N0CALL>APRS:)T-violet !5003.00N\13010.00Wl304/504
N0CALL>APRS:)T-yellow !5003.00N\13012.00Wl304/604
N0CALL>APRS:)T-gray   !5003.00N\13014.00Wl304/704
N0CALL>APRS:)TD-black !5003.00N\13016.00Wl304/804
N0CALL>APRS:)TD-blue  !5003.00N\13018.00Wl304/904
N0CALL>APRS:)TD-green !5003.00N\13020.00Wl3041004
N0CALL>APRS:)TD-cyan  !5003.00N\13022.00Wl3041104
N0CALL>APRS:)TD-red   !5003.00N\13024.00Wl3041204
N0CALL>APRS:)TD-violet!5003.00N\13026.00Wl3041304
N0CALL>APRS:)TD-yellow!5003.00N\13028.00Wl3041404
N0CALL>APRS:)TD-gray  !5003.00N\13030.00Wl3041504

#Shape 4, Open Box
N0CALL>APRS:)B-black  !5004.00N\13000.00Wl404/004
N0CALL>APRS:)B-blue   !5004.00N\13002.00Wl404/104
N0CALL>APRS:)B-green  !5004.00N\13004.00Wl404/204
N0CALL>APRS:)B-cyan   !5004.00N\13006.00Wl404/304
N0CALL>APRS:)B-red    !5004.00N\13008.00Wl404/404
N0CALL>APRS:)B-violet !5004.00N\13010.00Wl404/504
N0CALL>APRS:)B-yellow !5004.00N\13012.00Wl404/604
N0CALL>APRS:)B-gray   !5004.00N\13014.00Wl404/704
N0CALL>APRS:)BD-black !5004.00N\13016.00Wl404/804
N0CALL>APRS:)BD-blue  !5004.00N\13018.00Wl404/904
N0CALL>APRS:)BD-green !5004.00N\13020.00Wl4041004
N0CALL>APRS:)BD-cyan  !5004.00N\13022.00Wl4041104
N0CALL>APRS:)BD-red   !5004.00N\13024.00Wl4041204
N0CALL>APRS:)BD-violet!5004.00N\13026.00Wl4041304
N0CALL>APRS:)BD-yellow!5004.00N\13028.00Wl4041404
N0CALL>APRS:)BD-gray  !5004.00N\13030.00Wl4041504

#Shape 5, Color-Filled Circle
N0CALL>APRS:)CF-black !5005.00N\13000.00Wl504/004
N0CALL>APRS:)CF-blue  !5005.00N\13002.00Wl504/104
N0CALL>APRS:)CF-green !5005.00N\13004.00Wl504/204
N0CALL>APRS:)CF-cyan  !5005.00N\13006.00Wl504/304
N0CALL>APRS:)CF-red   !5005.00N\13008.00Wl504/404
N0CALL>APRS:)CF-violet!5005.00N\13010.00Wl504/504
N0CALL>APRS:)CF-yellow!5005.00N\13012.00Wl504/604
N0CALL>APRS:)CF-gray  !5005.00N\13014.00Wl504/704
N0CALL>APRS:)CFDblack !5005.00N\13016.00Wl504/804
N0CALL>APRS:)CFDblue  !5005.00N\13018.00Wl504/904
N0CALL>APRS:)CFDgreen !5005.00N\13020.00Wl5041004
N0CALL>APRS:)CFDcyan  !5005.00N\13022.00Wl5041104
N0CALL>APRS:)CFDred   !5005.00N\13024.00Wl5041204
N0CALL>APRS:)CFDviolet!5005.00N\13026.00Wl5041304
N0CALL>APRS:)CFDyellow!5005.00N\13028.00Wl5041404
N0CALL>APRS:)CFDgray  !5005.00N\13030.00Wl5041504

#Shape 6, Line Left
N0CALL>APRS:)L2-black !5006.00N\13000.00Wl604/004
N0CALL>APRS:)L2-blue  !5006.00N\13002.00Wl604/104
N0CALL>APRS:)L2-green !5006.00N\13004.00Wl604/204
N0CALL>APRS:)L2-cyan  !5006.00N\13006.00Wl604/304
N0CALL>APRS:)L2-red   !5006.00N\13008.00Wl604/404
N0CALL>APRS:)L2-violet!5006.00N\13010.00Wl604/504
N0CALL>APRS:)L2-yellow!5006.00N\13012.00Wl604/604
N0CALL>APRS:)L2-gray  !5006.00N\13014.00Wl604/704
N0CALL>APRS:)L2Dblack !5006.00N\13016.00Wl604/804
N0CALL>APRS:)L2Dblue  !5006.00N\13018.00Wl604/904
N0CALL>APRS:)L2Dgreen !5006.00N\13020.00Wl6041004
N0CALL>APRS:)L2Dcyan  !5006.00N\13022.00Wl6041104
N0CALL>APRS:)L2Dred   !5006.00N\13024.00Wl6041204
N0CALL>APRS:)L2Dviolet!5006.00N\13026.00Wl6041304
N0CALL>APRS:)L2Dyellow!5006.00N\13028.00Wl6041404
N0CALL>APRS:)L2Dgray  !5006.00N\13030.00Wl6041504

#Shape 7, Color-Filled Ellipse, not defined by Bob
N0CALL>APRS:)E2-black !5007.00N\13000.00Wl704/004
N0CALL>APRS:)E2-blue  !5007.00N\13002.00Wl704/104
N0CALL>APRS:)E2-green !5007.00N\13004.00Wl704/204
N0CALL>APRS:)E2-cyan  !5007.00N\13006.00Wl704/304
N0CALL>APRS:)E2-red   !5007.00N\13008.00Wl704/404
N0CALL>APRS:)E2-violet!5007.00N\13010.00Wl704/504
N0CALL>APRS:)E2-yellow!5007.00N\13012.00Wl704/604
N0CALL>APRS:)E2-gray  !5007.00N\13014.00Wl704/704
N0CALL>APRS:)E2Dblack !5007.00N\13016.00Wl704/804
N0CALL>APRS:)E2Dblue  !5007.00N\13018.00Wl704/904
N0CALL>APRS:)E2Dgreen !5007.00N\13020.00Wl7041004
N0CALL>APRS:)E2Dcyan  !5007.00N\13022.00Wl7041104
N0CALL>APRS:)E2Dred   !5007.00N\13024.00Wl7041204
N0CALL>APRS:)E2Dviolet!5007.00N\13026.00Wl7041304
N0CALL>APRS:)E2Dyellow!5007.00N\13028.00Wl7041404
N0CALL>APRS:)E2Dgray  !5007.00N\13030.00Wl7041504

#Shape 8, Color-Filled Triangle
N0CALL>APRS:)T2-black !5008.00N\13000.00Wl804/004
N0CALL>APRS:)T2-blue  !5008.00N\13002.00Wl804/104
N0CALL>APRS:)T2-green !5008.00N\13004.00Wl804/204
N0CALL>APRS:)T2-cyan  !5008.00N\13006.00Wl804/304
N0CALL>APRS:)T2-red   !5008.00N\13008.00Wl804/404
N0CALL>APRS:)T2-violet!5008.00N\13010.00Wl804/504
N0CALL>APRS:)T2-yellow!5008.00N\13012.00Wl804/604
N0CALL>APRS:)T2-gray  !5008.00N\13014.00Wl804/704
N0CALL>APRS:)T2Dblack !5008.00N\13016.00Wl804/804
N0CALL>APRS:)T2Dblue  !5008.00N\13018.00Wl804/904
N0CALL>APRS:)T2Dgreen !5008.00N\13020.00Wl8041004
N0CALL>APRS:)T2Dcyan  !5008.00N\13022.00Wl8041104
N0CALL>APRS:)T2Dred   !5008.00N\13024.00Wl8041204
N0CALL>APRS:)T2Dviolet!5008.00N\13026.00Wl8041304
N0CALL>APRS:)T2Dyellow!5008.00N\13028.00Wl8041404
N0CALL>APRS:)T2Dgray  !5008.00N\13030.00Wl8041504

#Shape 9, Color-Filled Box
N0CALL>APRS:)B2-black !5009.00N\13000.00Wl904/004
N0CALL>APRS:)B2-blue  !5009.00N\13002.00Wl904/104
N0CALL>APRS:)B2-green !5009.00N\13004.00Wl904/204
N0CALL>APRS:)B2-cyan  !5009.00N\13006.00Wl904/304
N0CALL>APRS:)B2-red   !5009.00N\13008.00Wl904/404
N0CALL>APRS:)B2-violet!5009.00N\13010.00Wl904/504
N0CALL>APRS:)B2-yellow!5009.00N\13012.00Wl904/604
N0CALL>APRS:)B2-gray  !5009.00N\13014.00Wl904/704
N0CALL>APRS:)B2Dblack !5009.00N\13016.00Wl904/804
N0CALL>APRS:)B2Dblue  !5009.00N\13018.00Wl904/904
N0CALL>APRS:)B2Dgreen !5009.00N\13020.00Wl9041004
N0CALL>APRS:)B2Dcyan  !5009.00N\13022.00Wl9041104
N0CALL>APRS:)B2Dred   !5009.00N\13024.00Wl9041204
N0CALL>APRS:)B2Dviolet!5009.00N\13026.00Wl9041304
N0CALL>APRS:)B2Dyellow!5009.00N\13028.00Wl9041404
N0CALL>APRS:)B2Dgray  !5009.00N\13030.00Wl9041504
